00000000000i[      ] Bochs x86 Emulator 2.6.7.svn
00000000000i[      ]   Built from SVN snapshot after release 2.6.7
00000000000i[      ] Compiled on Jan  9 2015 at 06:41:32
00000000000i[      ] System configuration
00000000000i[      ]   processors: 1 (cores=1, HT threads=1)
00000000000i[      ]   A20 line support: yes
00000000000i[      ] IPS is set to 4000000
00000000000i[      ] CPU configuration
00000000000i[      ]   SMP support: no
00000000000i[      ]   level: 6
00000000000i[      ]   APIC support: xapic
00000000000i[      ]   FPU support: yes
00000000000i[      ]   MMX support: yes
00000000000i[      ]   3dnow! support: no
00000000000i[      ]   SEP support: yes
00000000000i[      ]   SIMD support: sse2
00000000000i[      ]   XSAVE support: no 
00000000000i[      ]   AES support: no
00000000000i[      ]   SHA support: no
00000000000i[      ]   MOVBE support: no
00000000000i[      ]   ADX support: no
00000000000i[      ]   x86-64 support: no
00000000000i[      ]   MWAIT support: yes
00000000000i[      ] Optimization configuration
00000000000i[      ]   RepeatSpeedups support: no
00000000000i[      ]   Fast function calls: no
00000000000i[      ]   Handlers Chaining speedups: no
00000000000i[      ] Devices configuration
00000000000i[      ]   NE2000 support: no
00000000000i[      ]   PCI support: yes, enabled=yes
00000000000i[      ]   SB16 support: no
00000000000i[      ]   USB support: no
00000000000i[      ]   VGA extension support: vbe
00000000000i[MEM0  ] allocated memory at 0x7fb525d06010. after alignment, vector=0x7fb525d07000
00000000000i[MEM0  ] 32.00MB
00000000000i[MEM0  ] mem block size = 0x00100000, blocks=32
00000000000p[MEM0  ] >>PANIC<< ROM: System BIOS must end at 0xfffff
00000000000i[SIM   ] quit_sim called with exit code 1
